{"level":"info","message":"✅ MongoDB connected","timestamp":"2025-12-20 17:43:21"}
{"code":"ECONNREFUSED","level":"error","message":"Redis Client Error:","stack":"AggregateError\n    at internalConnectMultiple (node:net:1139:18)\n    at afterConnectMultiple (node:net:1712:7)","timestamp":"2025-12-20 17:43:21"}
{"code":"ECONNREFUSED","level":"error","message":"Redis Client Error:","stack":"AggregateError\n    at internalConnectMultiple (node:net:1139:18)\n    at afterConnectMultiple (node:net:1712:7)","timestamp":"2025-12-20 17:43:21"}
{"code":"ECONNREFUSED","level":"error","message":"Redis Client Error:","stack":"AggregateError\n    at internalConnectMultiple (node:net:1139:18)\n    at afterConnectMultiple (node:net:1712:7)","timestamp":"2025-12-20 17:43:21"}
{"code":"ECONNREFUSED","level":"error","message":"Redis Client Error:","stack":"AggregateError\n    at internalConnectMultiple (node:net:1139:18)\n    at afterConnectMultiple (node:net:1712:7)","timestamp":"2025-12-20 17:43:21"}
{"code":"ECONNREFUSED","level":"error","message":"Redis Client Error:","stack":"AggregateError\n    at internalConnectMultiple (node:net:1139:18)\n    at afterConnectMultiple (node:net:1712:7)","timestamp":"2025-12-20 17:43:21"}
{"code":"ECONNREFUSED","level":"error","message":"Redis Client Error:","stack":"AggregateError\n    at internalConnectMultiple (node:net:1139:18)\n    at afterConnectMultiple (node:net:1712:7)","timestamp":"2025-12-20 17:43:21"}
{"code":"ECONNREFUSED","level":"error","message":"Redis Client Error:","stack":"AggregateError\n    at internalConnectMultiple (node:net:1139:18)\n    at afterConnectMultiple (node:net:1712:7)","timestamp":"2025-12-20 17:43:21"}
{"code":"ECONNREFUSED","level":"error","message":"Redis Client Error:","stack":"AggregateError\n    at internalConnectMultiple (node:net:1139:18)\n    at afterConnectMultiple (node:net:1712:7)","timestamp":"2025-12-20 17:43:22"}
{"code":"ECONNREFUSED","level":"error","message":"Redis Client Error:","stack":"AggregateError\n    at internalConnectMultiple (node:net:1139:18)\n    at afterConnectMultiple (node:net:1712:7)","timestamp":"2025-12-20 17:43:22"}
{"code":"ECONNREFUSED","level":"error","message":"Redis Client Error:","stack":"AggregateError\n    at internalConnectMultiple (node:net:1139:18)\n    at afterConnectMultiple (node:net:1712:7)","timestamp":"2025-12-20 17:43:23"}
{"code":"ECONNREFUSED","level":"error","message":"Redis Client Error:","stack":"AggregateError\n    at internalConnectMultiple (node:net:1139:18)\n    at afterConnectMultiple (node:net:1712:7)","timestamp":"2025-12-20 17:43:23"}
{"code":"ECONNREFUSED","level":"error","message":"Redis Client Error:","stack":"AggregateError\n    at internalConnectMultiple (node:net:1139:18)\n    at afterConnectMultiple (node:net:1712:7)","timestamp":"2025-12-20 17:43:24"}
{"code":"ECONNREFUSED","level":"error","message":"Redis Client Error:","stack":"AggregateError\n    at internalConnectMultiple (node:net:1139:18)\n    at afterConnectMultiple (node:net:1712:7)","timestamp":"2025-12-20 17:43:24"}
{"code":"ECONNREFUSED","level":"error","message":"Redis Client Error:","stack":"AggregateError\n    at internalConnectMultiple (node:net:1139:18)\n    at afterConnectMultiple (node:net:1712:7)","timestamp":"2025-12-20 17:43:25"}
{"code":"ECONNREFUSED","level":"error","message":"Redis Client Error:","stack":"AggregateError\n    at internalConnectMultiple (node:net:1139:18)\n    at afterConnectMultiple (node:net:1712:7)","timestamp":"2025-12-20 17:43:25"}
{"code":"ECONNREFUSED","level":"error","message":"Redis Client Error:","stack":"AggregateError\n    at internalConnectMultiple (node:net:1139:18)\n    at afterConnectMultiple (node:net:1712:7)","timestamp":"2025-12-20 17:43:26"}
{"code":"ECONNREFUSED","level":"error","message":"Redis Client Error:","stack":"AggregateError\n    at internalConnectMultiple (node:net:1139:18)\n    at afterConnectMultiple (node:net:1712:7)","timestamp":"2025-12-20 17:43:26"}
{"code":"ECONNREFUSED","level":"error","message":"Redis Client Error:","stack":"AggregateError\n    at internalConnectMultiple (node:net:1139:18)\n    at afterConnectMultiple (node:net:1712:7)","timestamp":"2025-12-20 17:43:27"}
{"code":"ECONNREFUSED","level":"error","message":"Redis Client Error:","stack":"AggregateError\n    at internalConnectMultiple (node:net:1139:18)\n    at afterConnectMultiple (node:net:1712:7)","timestamp":"2025-12-20 17:43:27"}
{"code":"ECONNREFUSED","level":"error","message":"Redis Client Error:","stack":"AggregateError\n    at internalConnectMultiple (node:net:1139:18)\n    at afterConnectMultiple (node:net:1712:7)","timestamp":"2025-12-20 17:43:28"}
{"code":"ECONNREFUSED","level":"error","message":"Redis Client Error:","stack":"AggregateError\n    at internalConnectMultiple (node:net:1139:18)\n    at afterConnectMultiple (node:net:1712:7)","timestamp":"2025-12-20 17:43:28"}
{"code":"ECONNREFUSED","level":"error","message":"Redis Client Error:","stack":"AggregateError\n    at internalConnectMultiple (node:net:1139:18)\n    at afterConnectMultiple (node:net:1712:7)","timestamp":"2025-12-20 17:43:29"}
{"code":"ECONNREFUSED","level":"error","message":"Redis Client Error:","stack":"AggregateError\n    at internalConnectMultiple (node:net:1139:18)\n    at afterConnectMultiple (node:net:1712:7)","timestamp":"2025-12-20 17:43:29"}
{"code":"ECONNREFUSED","level":"error","message":"Redis Client Error:","stack":"AggregateError\n    at internalConnectMultiple (node:net:1139:18)\n    at afterConnectMultiple (node:net:1712:7)","timestamp":"2025-12-20 17:43:30"}
{"code":"ECONNREFUSED","level":"error","message":"Redis Client Error:","stack":"AggregateError\n    at internalConnectMultiple (node:net:1139:18)\n    at afterConnectMultiple (node:net:1712:7)","timestamp":"2025-12-20 17:43:30"}
{"code":"ECONNREFUSED","level":"error","message":"Redis Client Error:","stack":"AggregateError\n    at internalConnectMultiple (node:net:1139:18)\n    at afterConnectMultiple (node:net:1712:7)","timestamp":"2025-12-20 17:43:31"}
{"code":"ECONNREFUSED","level":"error","message":"Redis Client Error:","stack":"AggregateError\n    at internalConnectMultiple (node:net:1139:18)\n    at afterConnectMultiple (node:net:1712:7)","timestamp":"2025-12-20 17:43:31"}
{"code":"ECONNREFUSED","level":"error","message":"Redis Client Error:","stack":"AggregateError\n    at internalConnectMultiple (node:net:1139:18)\n    at afterConnectMultiple (node:net:1712:7)","timestamp":"2025-12-20 17:43:32"}
{"code":"ECONNREFUSED","level":"error","message":"Redis Client Error:","stack":"AggregateError\n    at internalConnectMultiple (node:net:1139:18)\n    at afterConnectMultiple (node:net:1712:7)","timestamp":"2025-12-20 17:43:32"}
{"code":"ECONNREFUSED","level":"error","message":"Redis Client Error:","stack":"AggregateError\n    at internalConnectMultiple (node:net:1139:18)\n    at afterConnectMultiple (node:net:1712:7)","timestamp":"2025-12-20 17:43:33"}
{"code":"ECONNREFUSED","level":"error","message":"Redis Client Error:","stack":"AggregateError\n    at internalConnectMultiple (node:net:1139:18)\n    at afterConnectMultiple (node:net:1712:7)","timestamp":"2025-12-20 17:43:34"}
{"code":"ECONNREFUSED","level":"error","message":"Redis Client Error:","stack":"AggregateError\n    at internalConnectMultiple (node:net:1139:18)\n    at afterConnectMultiple (node:net:1712:7)","timestamp":"2025-12-20 17:43:34"}
{"code":"ECONNREFUSED","level":"error","message":"Redis Client Error:","stack":"AggregateError\n    at internalConnectMultiple (node:net:1139:18)\n    at afterConnectMultiple (node:net:1712:7)","timestamp":"2025-12-20 17:43:35"}
{"code":"ECONNREFUSED","level":"error","message":"Redis Client Error:","stack":"AggregateError\n    at internalConnectMultiple (node:net:1139:18)\n    at afterConnectMultiple (node:net:1712:7)","timestamp":"2025-12-20 17:43:35"}
{"code":"ECONNREFUSED","level":"error","message":"Redis Client Error:","stack":"AggregateError\n    at internalConnectMultiple (node:net:1139:18)\n    at afterConnectMultiple (node:net:1712:7)","timestamp":"2025-12-20 17:43:36"}
{"code":"ECONNREFUSED","level":"error","message":"Redis Client Error:","stack":"AggregateError\n    at internalConnectMultiple (node:net:1139:18)\n    at afterConnectMultiple (node:net:1712:7)","timestamp":"2025-12-20 17:43:36"}
{"code":"ECONNREFUSED","level":"error","message":"Redis Client Error:","stack":"AggregateError\n    at internalConnectMultiple (node:net:1139:18)\n    at afterConnectMultiple (node:net:1712:7)","timestamp":"2025-12-20 17:43:37"}
{"code":"ECONNREFUSED","level":"error","message":"Redis Client Error:","stack":"AggregateError\n    at internalConnectMultiple (node:net:1139:18)\n    at afterConnectMultiple (node:net:1712:7)","timestamp":"2025-12-20 17:43:37"}
{"code":"ECONNREFUSED","level":"error","message":"Redis Client Error:","stack":"AggregateError\n    at internalConnectMultiple (node:net:1139:18)\n    at afterConnectMultiple (node:net:1712:7)","timestamp":"2025-12-20 17:43:38"}
{"code":"ECONNREFUSED","level":"error","message":"Redis Client Error:","stack":"AggregateError\n    at internalConnectMultiple (node:net:1139:18)\n    at afterConnectMultiple (node:net:1712:7)","timestamp":"2025-12-20 17:43:38"}
{"code":"ECONNREFUSED","level":"error","message":"Redis Client Error:","stack":"AggregateError\n    at internalConnectMultiple (node:net:1139:18)\n    at afterConnectMultiple (node:net:1712:7)","timestamp":"2025-12-20 17:43:39"}
{"code":"ECONNREFUSED","level":"error","message":"Redis Client Error:","stack":"AggregateError\n    at internalConnectMultiple (node:net:1139:18)\n    at afterConnectMultiple (node:net:1712:7)","timestamp":"2025-12-20 17:43:39"}
{"code":"ECONNREFUSED","level":"error","message":"Redis Client Error:","stack":"AggregateError\n    at internalConnectMultiple (node:net:1139:18)\n    at afterConnectMultiple (node:net:1712:7)","timestamp":"2025-12-20 17:43:40"}
{"code":"ECONNREFUSED","level":"error","message":"Redis Client Error:","stack":"AggregateError\n    at internalConnectMultiple (node:net:1139:18)\n    at afterConnectMultiple (node:net:1712:7)","timestamp":"2025-12-20 17:43:40"}
{"code":"ECONNREFUSED","level":"error","message":"Redis Client Error:","stack":"AggregateError\n    at internalConnectMultiple (node:net:1139:18)\n    at afterConnectMultiple (node:net:1712:7)","timestamp":"2025-12-20 17:43:41"}
{"code":"ECONNREFUSED","level":"error","message":"Redis Client Error:","stack":"AggregateError\n    at internalConnectMultiple (node:net:1139:18)\n    at afterConnectMultiple (node:net:1712:7)","timestamp":"2025-12-20 17:43:41"}
{"code":"ECONNREFUSED","level":"error","message":"Redis Client Error:","stack":"AggregateError\n    at internalConnectMultiple (node:net:1139:18)\n    at afterConnectMultiple (node:net:1712:7)","timestamp":"2025-12-20 17:43:42"}
{"code":"ECONNREFUSED","level":"error","message":"Redis Client Error:","stack":"AggregateError\n    at internalConnectMultiple (node:net:1139:18)\n    at afterConnectMultiple (node:net:1712:7)","timestamp":"2025-12-20 17:43:42"}
{"code":"ECONNREFUSED","level":"error","message":"Redis Client Error:","stack":"AggregateError\n    at internalConnectMultiple (node:net:1139:18)\n    at afterConnectMultiple (node:net:1712:7)","timestamp":"2025-12-20 17:43:43"}
{"code":"ECONNREFUSED","level":"error","message":"Redis Client Error:","stack":"AggregateError\n    at internalConnectMultiple (node:net:1139:18)\n    at afterConnectMultiple (node:net:1712:7)","timestamp":"2025-12-20 17:43:43"}
{"code":"ECONNREFUSED","level":"error","message":"Redis Client Error:","stack":"AggregateError\n    at internalConnectMultiple (node:net:1139:18)\n    at afterConnectMultiple (node:net:1712:7)","timestamp":"2025-12-20 17:43:44"}
{"code":"ECONNREFUSED","level":"error","message":"Redis Client Error:","stack":"AggregateError\n    at internalConnectMultiple (node:net:1139:18)\n    at afterConnectMultiple (node:net:1712:7)","timestamp":"2025-12-20 17:43:44"}
{"code":"ECONNREFUSED","level":"error","message":"Redis Client Error:","stack":"AggregateError\n    at internalConnectMultiple (node:net:1139:18)\n    at afterConnectMultiple (node:net:1712:7)","timestamp":"2025-12-20 17:43:45"}
{"code":"ECONNREFUSED","level":"error","message":"Redis Client Error:","stack":"AggregateError\n    at internalConnectMultiple (node:net:1139:18)\n    at afterConnectMultiple (node:net:1712:7)","timestamp":"2025-12-20 17:43:45"}
{"code":"ECONNREFUSED","level":"error","message":"Redis Client Error:","stack":"AggregateError\n    at internalConnectMultiple (node:net:1139:18)\n    at afterConnectMultiple (node:net:1712:7)","timestamp":"2025-12-20 17:43:46"}
{"code":"ECONNREFUSED","level":"error","message":"Redis Client Error:","stack":"AggregateError\n    at internalConnectMultiple (node:net:1139:18)\n    at afterConnectMultiple (node:net:1712:7)","timestamp":"2025-12-20 17:43:46"}
{"code":"ECONNREFUSED","level":"error","message":"Redis Client Error:","stack":"AggregateError\n    at internalConnectMultiple (node:net:1139:18)\n    at afterConnectMultiple (node:net:1712:7)","timestamp":"2025-12-20 17:43:47"}
{"level":"info","message":"✅ MongoDB connected","timestamp":"2025-12-20 18:13:20"}
{"code":"ECONNREFUSED","level":"error","message":"Redis Client Error:","stack":"AggregateError\n    at internalConnectMultiple (node:net:1139:18)\n    at afterConnectMultiple (node:net:1712:7)","timestamp":"2025-12-20 18:13:20"}
{"code":"ECONNREFUSED","level":"error","message":"Redis Client Error:","stack":"AggregateError\n    at internalConnectMultiple (node:net:1139:18)\n    at afterConnectMultiple (node:net:1712:7)","timestamp":"2025-12-20 18:13:20"}
{"code":"ECONNREFUSED","level":"error","message":"Redis Client Error:","stack":"AggregateError\n    at internalConnectMultiple (node:net:1139:18)\n    at afterConnectMultiple (node:net:1712:7)","timestamp":"2025-12-20 18:13:21"}
{"code":"ECONNREFUSED","level":"error","message":"Redis Client Error:","stack":"AggregateError\n    at internalConnectMultiple (node:net:1139:18)\n    at afterConnectMultiple (node:net:1712:7)","timestamp":"2025-12-20 18:13:21"}
{"code":"ECONNREFUSED","level":"error","message":"Redis Client Error:","stack":"AggregateError\n    at internalConnectMultiple (node:net:1139:18)\n    at afterConnectMultiple (node:net:1712:7)","timestamp":"2025-12-20 18:13:21"}
{"code":"ECONNREFUSED","level":"error","message":"Redis Client Error:","stack":"AggregateError\n    at internalConnectMultiple (node:net:1139:18)\n    at afterConnectMultiple (node:net:1712:7)","timestamp":"2025-12-20 18:13:21"}
{"code":"ECONNREFUSED","level":"error","message":"Redis Client Error:","stack":"AggregateError\n    at internalConnectMultiple (node:net:1139:18)\n    at afterConnectMultiple (node:net:1712:7)","timestamp":"2025-12-20 18:13:21"}
{"code":"ECONNREFUSED","level":"error","message":"Redis Client Error:","stack":"AggregateError\n    at internalConnectMultiple (node:net:1139:18)\n    at afterConnectMultiple (node:net:1712:7)","timestamp":"2025-12-20 18:13:22"}
{"code":"ECONNREFUSED","level":"error","message":"Redis Client Error:","stack":"AggregateError\n    at internalConnectMultiple (node:net:1139:18)\n    at afterConnectMultiple (node:net:1712:7)","timestamp":"2025-12-20 18:13:22"}
{"level":"info","message":"✅ MongoDB connected","timestamp":"2025-12-20 18:29:50"}
{"code":"ECONNREFUSED","level":"error","message":"Redis Client Error:","stack":"AggregateError\n    at internalConnectMultiple (node:net:1139:18)\n    at afterConnectMultiple (node:net:1712:7)","timestamp":"2025-12-20 18:29:50"}
{"code":"ECONNREFUSED","level":"error","message":"Redis Client Error:","stack":"AggregateError\n    at internalConnectMultiple (node:net:1139:18)\n    at afterConnectMultiple (node:net:1712:7)","timestamp":"2025-12-20 18:29:50"}
{"code":"ECONNREFUSED","level":"error","message":"Redis Client Error:","stack":"AggregateError\n    at internalConnectMultiple (node:net:1139:18)\n    at afterConnectMultiple (node:net:1712:7)","timestamp":"2025-12-20 18:29:50"}
{"code":"ECONNREFUSED","level":"error","message":"Redis Client Error:","stack":"AggregateError\n    at internalConnectMultiple (node:net:1139:18)\n    at afterConnectMultiple (node:net:1712:7)","timestamp":"2025-12-20 18:29:50"}
{"code":"ECONNREFUSED","level":"error","message":"Redis Client Error:","stack":"AggregateError\n    at internalConnectMultiple (node:net:1139:18)\n    at afterConnectMultiple (node:net:1712:7)","timestamp":"2025-12-20 18:29:51"}
{"code":"ECONNREFUSED","level":"error","message":"Redis Client Error:","stack":"AggregateError\n    at internalConnectMultiple (node:net:1139:18)\n    at afterConnectMultiple (node:net:1712:7)","timestamp":"2025-12-20 18:29:51"}
{"code":"ECONNREFUSED","level":"error","message":"Redis Client Error:","stack":"AggregateError\n    at internalConnectMultiple (node:net:1139:18)\n    at afterConnectMultiple (node:net:1712:7)","timestamp":"2025-12-20 18:29:51"}
{"code":"ECONNREFUSED","level":"error","message":"Redis Client Error:","stack":"AggregateError\n    at internalConnectMultiple (node:net:1139:18)\n    at afterConnectMultiple (node:net:1712:7)","timestamp":"2025-12-20 18:29:52"}
{"code":"ECONNREFUSED","level":"error","message":"Redis Client Error:","stack":"AggregateError\n    at internalConnectMultiple (node:net:1139:18)\n    at afterConnectMultiple (node:net:1712:7)","timestamp":"2025-12-20 18:29:52"}
{"code":"ECONNREFUSED","level":"error","message":"Redis Client Error:","stack":"AggregateError\n    at internalConnectMultiple (node:net:1139:18)\n    at afterConnectMultiple (node:net:1712:7)","timestamp":"2025-12-20 18:29:53"}
{"code":"ECONNREFUSED","level":"error","message":"Redis Client Error:","stack":"AggregateError\n    at internalConnectMultiple (node:net:1139:18)\n    at afterConnectMultiple (node:net:1712:7)","timestamp":"2025-12-20 18:29:54"}
{"code":"ECONNREFUSED","level":"error","message":"Redis Client Error:","stack":"AggregateError\n    at internalConnectMultiple (node:net:1139:18)\n    at afterConnectMultiple (node:net:1712:7)","timestamp":"2025-12-20 18:29:54"}
{"code":"ECONNREFUSED","level":"error","message":"Redis Client Error:","stack":"AggregateError\n    at internalConnectMultiple (node:net:1139:18)\n    at afterConnectMultiple (node:net:1712:7)","timestamp":"2025-12-20 18:29:55"}
{"code":"ECONNREFUSED","level":"error","message":"Redis Client Error:","stack":"AggregateError\n    at internalConnectMultiple (node:net:1139:18)\n    at afterConnectMultiple (node:net:1712:7)","timestamp":"2025-12-20 18:29:55"}
{"level":"info","message":"✅ MongoDB connected","timestamp":"2025-12-20 18:44:09"}
{"level":"info","message":"✅ Redis connected","timestamp":"2025-12-20 18:44:09"}
{"level":"info","message":"🚀 Server running on port 4000","timestamp":"2025-12-20 18:44:09"}
{"level":"info","message":"📡 Socket.io ready for connections","timestamp":"2025-12-20 18:44:09"}
{"level":"info","message":"✅ MongoDB connected","timestamp":"2025-12-20 18:57:36"}
{"level":"info","message":"✅ Redis connected","timestamp":"2025-12-20 18:57:37"}
{"level":"info","message":"🚀 Server running on port 4000","timestamp":"2025-12-20 18:57:37"}
{"level":"info","message":"📡 Socket.io ready for connections","timestamp":"2025-12-20 18:57:37"}
{"level":"info","message":"✅ MongoDB connected","timestamp":"2025-12-20 19:02:43"}
{"level":"info","message":"✅ Redis connected","timestamp":"2025-12-20 19:02:43"}
{"level":"info","message":"🚀 Server running on port 4000","timestamp":"2025-12-20 19:02:44"}
{"level":"info","message":"📡 Socket.io ready for connections","timestamp":"2025-12-20 19:02:44"}
{"level":"info","message":"✅ MongoDB connected","timestamp":"2025-12-20 21:11:46"}
{"level":"info","message":"✅ Redis connected","timestamp":"2025-12-20 21:11:46"}
{"level":"info","message":"🚀 Server running on port 4000","timestamp":"2025-12-20 21:11:46"}
{"level":"info","message":"📡 Socket.io ready for connections","timestamp":"2025-12-20 21:11:46"}
{"level":"info","message":"✅ MongoDB connected","timestamp":"2025-12-20 21:18:10"}
{"level":"info","message":"✅ Redis connected","timestamp":"2025-12-20 21:18:10"}
{"level":"info","message":"🚀 Server running on port 4000","timestamp":"2025-12-20 21:18:10"}
{"level":"info","message":"📡 Socket.io ready for connections","timestamp":"2025-12-20 21:18:10"}
{"level":"info","message":"✅ MongoDB connected","timestamp":"2025-12-20 21:26:27"}
{"level":"info","message":"✅ Redis connected","timestamp":"2025-12-20 21:26:27"}
{"level":"info","message":"🚀 Server running on port 4000","timestamp":"2025-12-20 21:26:27"}
{"level":"info","message":"📡 Socket.io ready for connections","timestamp":"2025-12-20 21:26:27"}
{"level":"info","message":"✅ MongoDB connected","timestamp":"2025-12-20 21:47:58"}
{"level":"info","message":"✅ Redis connected","timestamp":"2025-12-20 21:47:58"}
{"level":"info","message":"🚀 Server running on port 4000","timestamp":"2025-12-20 21:47:58"}
{"level":"info","message":"📡 Socket.io ready for connections","timestamp":"2025-12-20 21:47:58"}
{"level":"error","message":"Error 500: Failed to fetch user profile","method":"GET","path":"/api/auth/github/callback","stack":"InternalOAuthError: Failed to fetch user profile\n    at C:\\Projects\\Fetch-Friends-web-app\\backend\\node_modules\\passport-github2\\lib\\strategy.js:98:19\n    at ClientRequest.<anonymous> (C:\\Projects\\Fetch-Friends-web-app\\backend\\node_modules\\oauth\\lib\\oauth2.js:166:7)\n    at ClientRequest.emit (node:events:524:28)\n    at ClientRequest.emit (node:domain:489:12)\n    at emitErrorEvent (node:_http_client:104:11)\n    at TLSSocket.socketErrorListener (node:_http_client:518:5)\n    at TLSSocket.emit (node:events:524:28)\n    at TLSSocket.emit (node:domain:489:12)\n    at emitErrorNT (node:internal/streams/destroy:170:8)\n    at emitErrorCloseNT (node:internal/streams/destroy:129:3)","timestamp":"2025-12-20 21:58:24"}
{"level":"info","message":"✅ MongoDB connected","timestamp":"2025-12-20 22:01:11"}
{"level":"info","message":"✅ Redis connected","timestamp":"2025-12-20 22:01:11"}
{"level":"info","message":"🚀 Server running on port 4000","timestamp":"2025-12-20 22:01:11"}
{"level":"info","message":"📡 Socket.io ready for connections","timestamp":"2025-12-20 22:01:11"}
{"level":"info","message":"✅ MongoDB connected","timestamp":"2025-12-20 22:07:17"}
{"level":"info","message":"✅ Redis connected","timestamp":"2025-12-20 22:07:17"}
{"level":"info","message":"🚀 Server running on port 4000","timestamp":"2025-12-20 22:07:17"}
{"level":"info","message":"📡 Socket.io ready for connections","timestamp":"2025-12-20 22:07:17"}
{"level":"error","message":"Error 500: The requested permission scope is not valid","method":"GET","path":"/api/auth/linkedin/callback","stack":"AuthorizationError: The requested permission scope is not valid\n    at Strategy.OAuth2Strategy.authenticate (C:\\Projects\\Fetch-Friends-web-app\\backend\\node_modules\\passport-oauth2\\lib\\strategy.js:137:25)\n    at attempt (C:\\Projects\\Fetch-Friends-web-app\\backend\\node_modules\\passport\\lib\\middleware\\authenticate.js:378:16)\n    at authenticate (C:\\Projects\\Fetch-Friends-web-app\\backend\\node_modules\\passport\\lib\\middleware\\authenticate.js:379:7)\n    at Layer.handle [as handle_request] (C:\\Projects\\Fetch-Friends-web-app\\backend\\node_modules\\express\\lib\\router\\layer.js:95:5)\n    at next (C:\\Projects\\Fetch-Friends-web-app\\backend\\node_modules\\express\\lib\\router\\route.js:149:13)\n    at Route.dispatch (C:\\Projects\\Fetch-Friends-web-app\\backend\\node_modules\\express\\lib\\router\\route.js:119:3)\n    at Layer.handle [as handle_request] (C:\\Projects\\Fetch-Friends-web-app\\backend\\node_modules\\express\\lib\\router\\layer.js:95:5)\n    at C:\\Projects\\Fetch-Friends-web-app\\backend\\node_modules\\express\\lib\\router\\index.js:284:15\n    at Function.process_params (C:\\Projects\\Fetch-Friends-web-app\\backend\\node_modules\\express\\lib\\router\\index.js:346:12)\n    at next (C:\\Projects\\Fetch-Friends-web-app\\backend\\node_modules\\express\\lib\\router\\index.js:280:10)","timestamp":"2025-12-20 22:08:22"}
{"level":"error","message":"Error 500: The requested permission scope is not valid","method":"GET","path":"/api/auth/linkedin/callback","stack":"AuthorizationError: The requested permission scope is not valid\n    at Strategy.OAuth2Strategy.authenticate (C:\\Projects\\Fetch-Friends-web-app\\backend\\node_modules\\passport-oauth2\\lib\\strategy.js:137:25)\n    at attempt (C:\\Projects\\Fetch-Friends-web-app\\backend\\node_modules\\passport\\lib\\middleware\\authenticate.js:378:16)\n    at authenticate (C:\\Projects\\Fetch-Friends-web-app\\backend\\node_modules\\passport\\lib\\middleware\\authenticate.js:379:7)\n    at Layer.handle [as handle_request] (C:\\Projects\\Fetch-Friends-web-app\\backend\\node_modules\\express\\lib\\router\\layer.js:95:5)\n    at next (C:\\Projects\\Fetch-Friends-web-app\\backend\\node_modules\\express\\lib\\router\\route.js:149:13)\n    at Route.dispatch (C:\\Projects\\Fetch-Friends-web-app\\backend\\node_modules\\express\\lib\\router\\route.js:119:3)\n    at Layer.handle [as handle_request] (C:\\Projects\\Fetch-Friends-web-app\\backend\\node_modules\\express\\lib\\router\\layer.js:95:5)\n    at C:\\Projects\\Fetch-Friends-web-app\\backend\\node_modules\\express\\lib\\router\\index.js:284:15\n    at Function.process_params (C:\\Projects\\Fetch-Friends-web-app\\backend\\node_modules\\express\\lib\\router\\index.js:346:12)\n    at next (C:\\Projects\\Fetch-Friends-web-app\\backend\\node_modules\\express\\lib\\router\\index.js:280:10)","timestamp":"2025-12-20 22:08:22"}
{"level":"info","message":"✅ MongoDB connected","timestamp":"2025-12-20 22:14:56"}
{"level":"info","message":"✅ Redis connected","timestamp":"2025-12-20 22:14:56"}
{"level":"info","message":"🚀 Server running on port 4000","timestamp":"2025-12-20 22:14:56"}
{"level":"info","message":"📡 Socket.io ready for connections","timestamp":"2025-12-20 22:14:56"}
